<?xml version="1.0" encoding="UTF-8"?>
<!-- Generated by org.testng.reporters.JUnitReportReporter -->
<testsuite skipped="0" hostname="LAPTOP-CLOFSUPE" name="TestNGAnnotations.TestNGInvocationCountTest" tests="10" failures="0" timestamp="2021-04-27T07:52:07 IST" time="0.006" errors="0">
  <testcase name="sum" time="0.001" classname="TestNGAnnotations.TestNGInvocationCountTest"/>
  <system-out/>
  <testcase name="sum" time="0.001" classname="TestNGAnnotations.TestNGInvocationCountTest"/>
  <system-out/>
  <testcase name="sum" time="0.001" classname="TestNGAnnotations.TestNGInvocationCountTest"/>
  <system-out/>
  <testcase name="sum" time="0.000" classname="TestNGAnnotations.TestNGInvocationCountTest"/>
  <system-out/>
  <testcase name="sum" time="0.000" classname="TestNGAnnotations.TestNGInvocationCountTest"/>
  <system-out/>
  <testcase name="sum" time="0.001" classname="TestNGAnnotations.TestNGInvocationCountTest"/>
  <system-out/>
  <testcase name="sum" time="0.001" classname="TestNGAnnotations.TestNGInvocationCountTest"/>
  <system-out/>
  <testcase name="sum" time="0.000" classname="TestNGAnnotations.TestNGInvocationCountTest"/>
  <system-out/>
  <testcase name="sum" time="0.001" classname="TestNGAnnotations.TestNGInvocationCountTest"/>
  <system-out/>
  <testcase name="sum" time="0.000" classname="TestNGAnnotations.TestNGInvocationCountTest"/>
  <system-out/>
</testsuite> <!-- TestNGAnnotations.TestNGInvocationCountTest -->
