<?xml version="1.0" encoding="UTF-8"?>
<!-- Generated by org.testng.reporters.JUnitReportReporter -->
<testsuite skipped="0" hostname="LAPTOP-CLOFSUPE" name="TestNGAnnotations.TestNGDiffAnnoWithAsserts" tests="4" failures="0" timestamp="2021-04-27T07:52:07 IST" time="0.010" errors="0">
  <testcase name="test1" time="0.002" classname="TestNGAnnotations.TestNGDiffAnnoWithAsserts"/>
  <system-out/>
  <testcase name="test3" time="0.001" classname="TestNGAnnotations.TestNGDiffAnnoWithAsserts"/>
  <system-out/>
  <testcase name="test4" time="0.005" classname="TestNGAnnotations.TestNGDiffAnnoWithAsserts"/>
  <system-out/>
  <testcase name="test2" time="0.002" classname="TestNGAnnotations.TestNGDiffAnnoWithAsserts"/>
  <system-out/>
</testsuite> <!-- TestNGAnnotations.TestNGDiffAnnoWithAsserts -->
