<?xml version="1.0" encoding="UTF-8"?>
<!-- Generated by org.testng.reporters.JUnitReportReporter -->
<testsuite skipped="0" hostname="LAPTOP-CLOFSUPE" name="TestNGAnnotations.TestNGDiffAnnoWithGroupTestCases" tests="3" failures="0" timestamp="2021-04-27T07:52:07 IST" time="0.004" errors="0">
  <testcase name="test2" time="0.000" classname="TestNGAnnotations.TestNGDiffAnnoWithGroupTestCases"/>
  <system-out/>
  <testcase name="test1" time="0.002" classname="TestNGAnnotations.TestNGDiffAnnoWithGroupTestCases"/>
  <system-out/>
  <testcase name="test3" time="0.002" classname="TestNGAnnotations.TestNGDiffAnnoWithGroupTestCases"/>
  <system-out/>
</testsuite> <!-- TestNGAnnotations.TestNGDiffAnnoWithGroupTestCases -->
