<?xml version="1.0" encoding="UTF-8"?>
<!-- Generated by org.testng.reporters.JUnitReportReporter -->
<testsuite skipped="0" hostname="LAPTOP-CLOFSUPE" name="TestNGAnnotations.TestNGDiffAnno" tests="1" failures="0" timestamp="2021-04-27T07:52:07 IST" time="0.001" errors="0">
  <testcase name="test" time="0.001" classname="TestNGAnnotations.TestNGDiffAnno"/>
  <system-out/>
</testsuite> <!-- TestNGAnnotations.TestNGDiffAnno -->
